-------------------------------------------------------------------------------
Test set: com.sn.sir.dematest.repository.PersonRepositoryTest
-------------------------------------------------------------------------------
Tests run: 5, Failures: 1, Errors: 0, Skipped: 0, Time elapsed: 8.257 s <<< FAILURE! - in com.sn.sir.dematest.repository.PersonRepositoryTest
findAll  Time elapsed: 0.113 s  <<< FAILURE!
org.opentest4j.AssertionFailedError: expected: <0> but was: <1>
	at com.sn.sir.dematest.repository.PersonRepositoryTest.findAll(PersonRepositoryTest.java:77)

